C:\Rachit\Learnings\.net core\Angular_NetCore_Patient\PatientAngularCore\PatientAngularCore\Angular\PatientAngular\dist\out-tsc\e2e\src\app.po.js
C:\Rachit\Learnings\.net core\Angular_NetCore_Patient\PatientAngularCore\PatientAngularCore\Angular\PatientAngular\dist\out-tsc\e2e\src\app.po.js.map
C:\Rachit\Learnings\.net core\Angular_NetCore_Patient\PatientAngularCore\PatientAngularCore\Angular\PatientAngular\dist\out-tsc\e2e\src\app.e2e-spec.js
C:\Rachit\Learnings\.net core\Angular_NetCore_Patient\PatientAngularCore\PatientAngularCore\Angular\PatientAngular\dist\out-tsc\e2e\src\app.e2e-spec.js.map
C:\Rachit\Learnings\.net core\Angular_NetCore_Patient\PatientAngularCore\PatientAngularCore\Angular\PatientAngular\dist\out-tsc\src\app\app.component.js
C:\Rachit\Learnings\.net core\Angular_NetCore_Patient\PatientAngularCore\PatientAngularCore\Angular\PatientAngular\dist\out-tsc\src\app\app.component.js.map
C:\Rachit\Learnings\.net core\Angular_NetCore_Patient\PatientAngularCore\PatientAngularCore\Angular\PatientAngular\dist\out-tsc\src\app\patients\patient.js
C:\Rachit\Learnings\.net core\Angular_NetCore_Patient\PatientAngularCore\PatientAngularCore\Angular\PatientAngular\dist\out-tsc\src\app\patients\patient.js.map
C:\Rachit\Learnings\.net core\Angular_NetCore_Patient\PatientAngularCore\PatientAngularCore\Angular\PatientAngular\dist\out-tsc\src\app\patients\patient.service.js
C:\Rachit\Learnings\.net core\Angular_NetCore_Patient\PatientAngularCore\PatientAngularCore\Angular\PatientAngular\dist\out-tsc\src\app\patients\patient.service.js.map
C:\Rachit\Learnings\.net core\Angular_NetCore_Patient\PatientAngularCore\PatientAngularCore\Angular\PatientAngular\dist\out-tsc\src\app\patients\patients.component.js
C:\Rachit\Learnings\.net core\Angular_NetCore_Patient\PatientAngularCore\PatientAngularCore\Angular\PatientAngular\dist\out-tsc\src\app\patients\patients.component.js.map
C:\Rachit\Learnings\.net core\Angular_NetCore_Patient\PatientAngularCore\PatientAngularCore\Angular\PatientAngular\dist\out-tsc\src\app\home\home.component.js
C:\Rachit\Learnings\.net core\Angular_NetCore_Patient\PatientAngularCore\PatientAngularCore\Angular\PatientAngular\dist\out-tsc\src\app\home\home.component.js.map
C:\Rachit\Learnings\.net core\Angular_NetCore_Patient\PatientAngularCore\PatientAngularCore\Angular\PatientAngular\dist\out-tsc\src\app\disease\IDesease.js
C:\Rachit\Learnings\.net core\Angular_NetCore_Patient\PatientAngularCore\PatientAngularCore\Angular\PatientAngular\dist\out-tsc\src\app\disease\IDesease.js.map
C:\Rachit\Learnings\.net core\Angular_NetCore_Patient\PatientAngularCore\PatientAngularCore\Angular\PatientAngular\dist\out-tsc\src\app\disease\disease.service.js
C:\Rachit\Learnings\.net core\Angular_NetCore_Patient\PatientAngularCore\PatientAngularCore\Angular\PatientAngular\dist\out-tsc\src\app\disease\disease.service.js.map
C:\Rachit\Learnings\.net core\Angular_NetCore_Patient\PatientAngularCore\PatientAngularCore\Angular\PatientAngular\dist\out-tsc\src\app\disease\disease.component.js
C:\Rachit\Learnings\.net core\Angular_NetCore_Patient\PatientAngularCore\PatientAngularCore\Angular\PatientAngular\dist\out-tsc\src\app\disease\disease.component.js.map
C:\Rachit\Learnings\.net core\Angular_NetCore_Patient\PatientAngularCore\PatientAngularCore\Angular\PatientAngular\dist\out-tsc\src\app\patient-list\patient-list.component.js
C:\Rachit\Learnings\.net core\Angular_NetCore_Patient\PatientAngularCore\PatientAngularCore\Angular\PatientAngular\dist\out-tsc\src\app\patient-list\patient-list.component.js.map
C:\Rachit\Learnings\.net core\Angular_NetCore_Patient\PatientAngularCore\PatientAngularCore\Angular\PatientAngular\dist\out-tsc\src\app\login\login.js
C:\Rachit\Learnings\.net core\Angular_NetCore_Patient\PatientAngularCore\PatientAngularCore\Angular\PatientAngular\dist\out-tsc\src\app\login\login.js.map
C:\Rachit\Learnings\.net core\Angular_NetCore_Patient\PatientAngularCore\PatientAngularCore\Angular\PatientAngular\dist\out-tsc\src\app\login\login.service.js
C:\Rachit\Learnings\.net core\Angular_NetCore_Patient\PatientAngularCore\PatientAngularCore\Angular\PatientAngular\dist\out-tsc\src\app\login\login.service.js.map
C:\Rachit\Learnings\.net core\Angular_NetCore_Patient\PatientAngularCore\PatientAngularCore\Angular\PatientAngular\dist\out-tsc\src\app\login\login.component.js
C:\Rachit\Learnings\.net core\Angular_NetCore_Patient\PatientAngularCore\PatientAngularCore\Angular\PatientAngular\dist\out-tsc\src\app\login\login.component.js.map
C:\Rachit\Learnings\.net core\Angular_NetCore_Patient\PatientAngularCore\PatientAngularCore\Angular\PatientAngular\dist\out-tsc\src\app\guards\auth.guard.js
C:\Rachit\Learnings\.net core\Angular_NetCore_Patient\PatientAngularCore\PatientAngularCore\Angular\PatientAngular\dist\out-tsc\src\app\guards\auth.guard.js.map
C:\Rachit\Learnings\.net core\Angular_NetCore_Patient\PatientAngularCore\PatientAngularCore\Angular\PatientAngular\dist\out-tsc\src\app\app.module.js
C:\Rachit\Learnings\.net core\Angular_NetCore_Patient\PatientAngularCore\PatientAngularCore\Angular\PatientAngular\dist\out-tsc\src\app\app.module.js.map
C:\Rachit\Learnings\.net core\Angular_NetCore_Patient\PatientAngularCore\PatientAngularCore\Angular\PatientAngular\dist\out-tsc\src\environments\environment.js
C:\Rachit\Learnings\.net core\Angular_NetCore_Patient\PatientAngularCore\PatientAngularCore\Angular\PatientAngular\dist\out-tsc\src\environments\environment.js.map
C:\Rachit\Learnings\.net core\Angular_NetCore_Patient\PatientAngularCore\PatientAngularCore\Angular\PatientAngular\dist\out-tsc\src\main.js
C:\Rachit\Learnings\.net core\Angular_NetCore_Patient\PatientAngularCore\PatientAngularCore\Angular\PatientAngular\dist\out-tsc\src\main.js.map
C:\Rachit\Learnings\.net core\Angular_NetCore_Patient\PatientAngularCore\PatientAngularCore\Angular\PatientAngular\dist\out-tsc\src\polyfills.js
C:\Rachit\Learnings\.net core\Angular_NetCore_Patient\PatientAngularCore\PatientAngularCore\Angular\PatientAngular\dist\out-tsc\src\polyfills.js.map
C:\Rachit\Learnings\.net core\Angular_NetCore_Patient\PatientAngularCore\PatientAngularCore\Angular\PatientAngular\dist\out-tsc\src\test.js
C:\Rachit\Learnings\.net core\Angular_NetCore_Patient\PatientAngularCore\PatientAngularCore\Angular\PatientAngular\dist\out-tsc\src\test.js.map
C:\Rachit\Learnings\.net core\Angular_NetCore_Patient\PatientAngularCore\PatientAngularCore\Angular\PatientAngular\dist\out-tsc\src\app\app.component.spec.js
C:\Rachit\Learnings\.net core\Angular_NetCore_Patient\PatientAngularCore\PatientAngularCore\Angular\PatientAngular\dist\out-tsc\src\app\app.component.spec.js.map
C:\Rachit\Learnings\.net core\Angular_NetCore_Patient\PatientAngularCore\PatientAngularCore\Angular\PatientAngular\dist\out-tsc\src\app\global.js
C:\Rachit\Learnings\.net core\Angular_NetCore_Patient\PatientAngularCore\PatientAngularCore\Angular\PatientAngular\dist\out-tsc\src\app\global.js.map
C:\Rachit\Learnings\.net core\Angular_NetCore_Patient\PatientAngularCore\PatientAngularCore\Angular\PatientAngular\dist\out-tsc\src\app\disease\disease.component.spec.js
C:\Rachit\Learnings\.net core\Angular_NetCore_Patient\PatientAngularCore\PatientAngularCore\Angular\PatientAngular\dist\out-tsc\src\app\disease\disease.component.spec.js.map
C:\Rachit\Learnings\.net core\Angular_NetCore_Patient\PatientAngularCore\PatientAngularCore\Angular\PatientAngular\dist\out-tsc\src\app\disease\disease.service.spec.js
C:\Rachit\Learnings\.net core\Angular_NetCore_Patient\PatientAngularCore\PatientAngularCore\Angular\PatientAngular\dist\out-tsc\src\app\disease\disease.service.spec.js.map
C:\Rachit\Learnings\.net core\Angular_NetCore_Patient\PatientAngularCore\PatientAngularCore\Angular\PatientAngular\dist\out-tsc\src\app\guards\auth.guard.spec.js
C:\Rachit\Learnings\.net core\Angular_NetCore_Patient\PatientAngularCore\PatientAngularCore\Angular\PatientAngular\dist\out-tsc\src\app\guards\auth.guard.spec.js.map
C:\Rachit\Learnings\.net core\Angular_NetCore_Patient\PatientAngularCore\PatientAngularCore\Angular\PatientAngular\dist\out-tsc\src\app\home\home.component.spec.js
C:\Rachit\Learnings\.net core\Angular_NetCore_Patient\PatientAngularCore\PatientAngularCore\Angular\PatientAngular\dist\out-tsc\src\app\home\home.component.spec.js.map
C:\Rachit\Learnings\.net core\Angular_NetCore_Patient\PatientAngularCore\PatientAngularCore\Angular\PatientAngular\dist\out-tsc\src\app\login\login.component.spec.js
C:\Rachit\Learnings\.net core\Angular_NetCore_Patient\PatientAngularCore\PatientAngularCore\Angular\PatientAngular\dist\out-tsc\src\app\login\login.component.spec.js.map
C:\Rachit\Learnings\.net core\Angular_NetCore_Patient\PatientAngularCore\PatientAngularCore\Angular\PatientAngular\dist\out-tsc\src\app\login\login.service.spec.js
C:\Rachit\Learnings\.net core\Angular_NetCore_Patient\PatientAngularCore\PatientAngularCore\Angular\PatientAngular\dist\out-tsc\src\app\login\login.service.spec.js.map
C:\Rachit\Learnings\.net core\Angular_NetCore_Patient\PatientAngularCore\PatientAngularCore\Angular\PatientAngular\dist\out-tsc\src\app\patient-list\patient-list.component.spec.js
C:\Rachit\Learnings\.net core\Angular_NetCore_Patient\PatientAngularCore\PatientAngularCore\Angular\PatientAngular\dist\out-tsc\src\app\patient-list\patient-list.component.spec.js.map
C:\Rachit\Learnings\.net core\Angular_NetCore_Patient\PatientAngularCore\PatientAngularCore\Angular\PatientAngular\dist\out-tsc\src\app\patients\patient.service.spec.js
C:\Rachit\Learnings\.net core\Angular_NetCore_Patient\PatientAngularCore\PatientAngularCore\Angular\PatientAngular\dist\out-tsc\src\app\patients\patient.service.spec.js.map
C:\Rachit\Learnings\.net core\Angular_NetCore_Patient\PatientAngularCore\PatientAngularCore\Angular\PatientAngular\dist\out-tsc\src\app\patients\patients.component.spec.js
C:\Rachit\Learnings\.net core\Angular_NetCore_Patient\PatientAngularCore\PatientAngularCore\Angular\PatientAngular\dist\out-tsc\src\app\patients\patients.component.spec.js.map
C:\Rachit\Learnings\.net core\Angular_NetCore_Patient\PatientAngularCore\PatientAngularCore\Angular\PatientAngular\dist\out-tsc\src\environments\environment.prod.js
C:\Rachit\Learnings\.net core\Angular_NetCore_Patient\PatientAngularCore\PatientAngularCore\Angular\PatientAngular\dist\out-tsc\src\environments\environment.prod.js.map
